<?xml version="1.0" encoding="UTF-8"?>
<!-- Generated by org.testng.reporters.JUnitXMLReporter -->
<testsuite hostname="DESKTOP-RT69OL1" ignored="0" name="Bankingapp test" tests="1" failures="1" timestamp="21 May 2020 08:56:05 GMT" time="40.269" errors="0">
  <testcase name="addNewCustomer" time="23.568" classname="com.inetbanking.Testcase.TC_AddCustomerTest_003">
    <failure type="java.lang.AssertionError" message="expected [true] but found [false]">
      <![CDATA[java.lang.AssertionError: expected [true] but found [false]
at com.inetbanking.Testcase.TC_AddCustomerTest_003.addNewCustomer(TC_AddCustomerTest_003.java:59)
at com.intellij.rt.testng.IDEARemoteTestNG.run(IDEARemoteTestNG.java:66)
at com.intellij.rt.testng.RemoteTestNGStarter.main(RemoteTestNGStarter.java:110)
... Removed 26 stack frames]]>
    </failure>
  </testcase> <!-- addNewCustomer -->
</testsuite> <!-- Bankingapp test -->
