<?xml version="1.0" encoding="UTF-8"?>
<testng-results skipped="0" failed="0" ignored="0" total="1" passed="1">
  <reporter-output>
  </reporter-output>
  <suite name="InetBankingV1" duration-ms="94471" started-at="2020-05-26T07:53:59Z" finished-at="2020-05-26T07:55:34Z">
    <groups>
    </groups>
    <test name="Bankingapp test" duration-ms="94471" started-at="2020-05-26T07:53:59Z" finished-at="2020-05-26T07:55:34Z">
      <class name="com.inetbanking.Testcase.TC_AddCustomerTest_003">
        <test-method status="PASS" signature="SetUp(java.lang.String)[pri:0, instance:com.inetbanking.Testcase.TC_AddCustomerTest_003@30c7da1e]" name="SetUp" is-config="true" duration-ms="42647" started-at="2020-05-26T07:54:01Z" finished-at="2020-05-26T07:54:44Z">
          <params>
            <param index="0">
              <value>
                <![CDATA[chrome]]>
              </value>
            </param>
          </params>
          <reporter-output>
          </reporter-output>
        </test-method> <!-- SetUp -->
        <test-method status="PASS" signature="addNewCustomer()[pri:0, instance:com.inetbanking.Testcase.TC_AddCustomerTest_003@30c7da1e]" name="addNewCustomer" duration-ms="42129" started-at="2020-05-26T07:54:44Z" finished-at="2020-05-26T07:55:26Z">
          <reporter-output>
          </reporter-output>
        </test-method> <!-- addNewCustomer -->
        <test-method status="PASS" signature="Teardown()[pri:0, instance:com.inetbanking.Testcase.TC_AddCustomerTest_003@30c7da1e]" name="Teardown" is-config="true" duration-ms="7860" started-at="2020-05-26T07:55:26Z" finished-at="2020-05-26T07:55:34Z">
          <reporter-output>
          </reporter-output>
        </test-method> <!-- Teardown -->
      </class> <!-- com.inetbanking.Testcase.TC_AddCustomerTest_003 -->
    </test> <!-- Bankingapp test -->
  </suite> <!-- InetBankingV1 -->
</testng-results>
